
SQL*Loader: Release 11.2.0.4.0 - Production on Wed Sep 5 15:56:42 2018

Copyright (c) 1982, 2011, Oracle and/or its affiliates.  All rights reserved.

Control File:   PROGRAM_FILES/loader_upload.ctl
Data File:      PROGRAM_FILES/loader_input.lst
  Bad File:     PROGRAM_FILES/loader_input.bad
  Discard File:  none specified
 
 (Allow all discards)

Number to load: ALL
Number to skip: 0
Errors allowed: 50
Bind array:     64 rows, maximum of 256000 bytes
Continuation:    none specified
Path used:      Conventional

Table "CUSTOM"."C_JTBLLOADER", loaded from every logical record.
Insert option in effect for this table: INSERT
TRAILING NULLCOLS option in effect

   Column Name                  Position   Len  Term Encl Datatype
------------------------------ ---------- ----- ---- ---- ---------------------
JVAR1                               FIRST     *   |       CHARACTER            


Table "CUSTOM"."C_JTBLLOADER":
  28027 Rows successfully loaded.
  0 Rows not loaded due to data errors.
  0 Rows not loaded because all WHEN clauses were failed.
  0 Rows not loaded because all fields were null.


Space allocated for bind array:                  16512 bytes(64 rows)
Read   buffer bytes: 1048576

Total logical records skipped:          0
Total logical records read:         28027
Total logical records rejected:         0
Total logical records discarded:        0

Run began on Wed Sep 05 15:56:42 2018
Run ended on Wed Sep 05 15:56:45 2018

Elapsed time was:     00:00:03.31
CPU time was:         00:00:00.16
